生成启动时间为 2022/4/23 15:11:31。
     1>项目“D:\作业\wqqwq\wqqwq\wqqwq.vcxproj”在节点 2 上(build 个目标)。
     1>PrepareForBuild:
         正在创建目录“D:\作业\wqqwq\Debug\”。
       InitializeBuildStatus:
         正在创建“Debug\wqqwq.unsuccessfulbuild”，因为已指定“AlwaysCreate”。
       ClCompile:
         D:\新建文件夹\VC\bin\CL.exe /c /ZI /nologo /W3 /WX- /Od /Oy- /D _MBCS /Gm /EHsc /RTC1 /MDd /GS /fp:precise /Zc:wchar_t /Zc:forScope /Fo"Debug\\" /Fd"Debug\vc100.pdb" /Gd /TP /analyze- /errorReport:prompt q.cpp
         q.cpp
     1>d:\作业\wqqwq\wqqwq\q.cpp(31): warning C4996: 'scanf': This function or variable may be unsafe. Consider using scanf_s instead. To disable deprecation, use _CRT_SECURE_NO_WARNINGS. See online help for details.
                 d:\新建文件夹\vc\include\stdio.h(304) : 参见“scanf”的声明
     1>d:\作业\wqqwq\wqqwq\q.cpp(33): warning C4996: 'scanf': This function or variable may be unsafe. Consider using scanf_s instead. To disable deprecation, use _CRT_SECURE_NO_WARNINGS. See online help for details.
                 d:\新建文件夹\vc\include\stdio.h(304) : 参见“scanf”的声明
     1>d:\作业\wqqwq\wqqwq\q.cpp(35): warning C4996: 'scanf': This function or variable may be unsafe. Consider using scanf_s instead. To disable deprecation, use _CRT_SECURE_NO_WARNINGS. See online help for details.
                 d:\新建文件夹\vc\include\stdio.h(304) : 参见“scanf”的声明
     1>d:\作业\wqqwq\wqqwq\q.cpp(37): warning C4996: 'scanf': This function or variable may be unsafe. Consider using scanf_s instead. To disable deprecation, use _CRT_SECURE_NO_WARNINGS. See online help for details.
                 d:\新建文件夹\vc\include\stdio.h(304) : 参见“scanf”的声明
     1>d:\作业\wqqwq\wqqwq\q.cpp(39): warning C4996: 'scanf': This function or variable may be unsafe. Consider using scanf_s instead. To disable deprecation, use _CRT_SECURE_NO_WARNINGS. See online help for details.
                 d:\新建文件夹\vc\include\stdio.h(304) : 参见“scanf”的声明
     1>d:\作业\wqqwq\wqqwq\q.cpp(49): warning C4996: 'scanf': This function or variable may be unsafe. Consider using scanf_s instead. To disable deprecation, use _CRT_SECURE_NO_WARNINGS. See online help for details.
                 d:\新建文件夹\vc\include\stdio.h(304) : 参见“scanf”的声明
     1>d:\作业\wqqwq\wqqwq\q.cpp(51): warning C4996: 'scanf': This function or variable may be unsafe. Consider using scanf_s instead. To disable deprecation, use _CRT_SECURE_NO_WARNINGS. See online help for details.
                 d:\新建文件夹\vc\include\stdio.h(304) : 参见“scanf”的声明
     1>d:\作业\wqqwq\wqqwq\q.cpp(53): warning C4996: 'scanf': This function or variable may be unsafe. Consider using scanf_s instead. To disable deprecation, use _CRT_SECURE_NO_WARNINGS. See online help for details.
                 d:\新建文件夹\vc\include\stdio.h(304) : 参见“scanf”的声明
     1>d:\作业\wqqwq\wqqwq\q.cpp(55): warning C4996: 'scanf': This function or variable may be unsafe. Consider using scanf_s instead. To disable deprecation, use _CRT_SECURE_NO_WARNINGS. See online help for details.
                 d:\新建文件夹\vc\include\stdio.h(304) : 参见“scanf”的声明
     1>d:\作业\wqqwq\wqqwq\q.cpp(57): warning C4996: 'scanf': This function or variable may be unsafe. Consider using scanf_s instead. To disable deprecation, use _CRT_SECURE_NO_WARNINGS. See online help for details.
                 d:\新建文件夹\vc\include\stdio.h(304) : 参见“scanf”的声明
     1>d:\作业\wqqwq\wqqwq\q.cpp(70): warning C4996: 'scanf': This function or variable may be unsafe. Consider using scanf_s instead. To disable deprecation, use _CRT_SECURE_NO_WARNINGS. See online help for details.
                 d:\新建文件夹\vc\include\stdio.h(304) : 参见“scanf”的声明
     1>d:\作业\wqqwq\wqqwq\q.cpp(74): warning C4996: 'scanf': This function or variable may be unsafe. Consider using scanf_s instead. To disable deprecation, use _CRT_SECURE_NO_WARNINGS. See online help for details.
                 d:\新建文件夹\vc\include\stdio.h(304) : 参见“scanf”的声明
     1>d:\作业\wqqwq\wqqwq\q.cpp(76): warning C4996: 'scanf': This function or variable may be unsafe. Consider using scanf_s instead. To disable deprecation, use _CRT_SECURE_NO_WARNINGS. See online help for details.
                 d:\新建文件夹\vc\include\stdio.h(304) : 参见“scanf”的声明
     1>d:\作业\wqqwq\wqqwq\q.cpp(78): warning C4996: 'scanf': This function or variable may be unsafe. Consider using scanf_s instead. To disable deprecation, use _CRT_SECURE_NO_WARNINGS. See online help for details.
                 d:\新建文件夹\vc\include\stdio.h(304) : 参见“scanf”的声明
     1>d:\作业\wqqwq\wqqwq\q.cpp(80): warning C4996: 'scanf': This function or variable may be unsafe. Consider using scanf_s instead. To disable deprecation, use _CRT_SECURE_NO_WARNINGS. See online help for details.
                 d:\新建文件夹\vc\include\stdio.h(304) : 参见“scanf”的声明
     1>d:\作业\wqqwq\wqqwq\q.cpp(82): warning C4996: 'scanf': This function or variable may be unsafe. Consider using scanf_s instead. To disable deprecation, use _CRT_SECURE_NO_WARNINGS. See online help for details.
                 d:\新建文件夹\vc\include\stdio.h(304) : 参见“scanf”的声明
     1>d:\作业\wqqwq\wqqwq\q.cpp(107): warning C4996: 'scanf': This function or variable may be unsafe. Consider using scanf_s instead. To disable deprecation, use _CRT_SECURE_NO_WARNINGS. See online help for details.
                 d:\新建文件夹\vc\include\stdio.h(304) : 参见“scanf”的声明
     1>d:\作业\wqqwq\wqqwq\q.cpp(175): warning C4996: 'fopen': This function or variable may be unsafe. Consider using fopen_s instead. To disable deprecation, use _CRT_SECURE_NO_WARNINGS. See online help for details.
                 d:\新建文件夹\vc\include\stdio.h(234) : 参见“fopen”的声明
     1>d:\作业\wqqwq\wqqwq\q.cpp(177): warning C4996: 'getch': The POSIX name for this item is deprecated. Instead, use the ISO C++ conformant name: _getch. See online help for details.
                 d:\新建文件夹\vc\include\conio.h(128) : 参见“getch”的声明
     1>d:\作业\wqqwq\wqqwq\q.cpp(170): warning C4101: “i”: 未引用的局部变量
     1>d:\作业\wqqwq\wqqwq\q.cpp(174): warning C4101: “c”: 未引用的局部变量
     1>d:\作业\wqqwq\wqqwq\q.cpp(170): warning C4101: “j”: 未引用的局部变量
     1>d:\作业\wqqwq\wqqwq\q.cpp(192): warning C4996: 'fopen': This function or variable may be unsafe. Consider using fopen_s instead. To disable deprecation, use _CRT_SECURE_NO_WARNINGS. See online help for details.
                 d:\新建文件夹\vc\include\stdio.h(234) : 参见“fopen”的声明
     1>d:\作业\wqqwq\wqqwq\q.cpp(194): warning C4996: 'getch': The POSIX name for this item is deprecated. Instead, use the ISO C++ conformant name: _getch. See online help for details.
                 d:\新建文件夹\vc\include\conio.h(128) : 参见“getch”的声明
     1>d:\作业\wqqwq\wqqwq\q.cpp(187): warning C4101: “j”: 未引用的局部变量
     1>d:\作业\wqqwq\wqqwq\q.cpp(217): warning C4996: 'scanf': This function or variable may be unsafe. Consider using scanf_s instead. To disable deprecation, use _CRT_SECURE_NO_WARNINGS. See online help for details.
                 d:\新建文件夹\vc\include\stdio.h(304) : 参见“scanf”的声明
     1>d:\作业\wqqwq\wqqwq\q.cpp(237): warning C4996: 'scanf': This function or variable may be unsafe. Consider using scanf_s instead. To disable deprecation, use _CRT_SECURE_NO_WARNINGS. See online help for details.
                 d:\新建文件夹\vc\include\stdio.h(304) : 参见“scanf”的声明
     1>d:\作业\wqqwq\wqqwq\q.cpp(208): warning C4101: “fp”: 未引用的局部变量
     1>d:\作业\wqqwq\wqqwq\q.cpp(211): warning C4101: “r”: 未引用的局部变量
       Link:
         D:\新建文件夹\VC\bin\link.exe /ERRORREPORT:PROMPT /OUT:"D:\作业\wqqwq\Debug\wqqwq.exe" /NOLOGO kernel32.lib user32.lib gdi32.lib winspool.lib comdlg32.lib advapi32.lib shell32.lib ole32.lib oleaut32.lib uuid.lib odbc32.lib odbccp32.lib /MANIFEST /ManifestFile:"Debug\wqqwq.exe.intermediate.manifest" /MANIFESTUAC:"level='asInvoker' uiAccess='false'" /DEBUG /PDB:"D:\作业\wqqwq\Debug\wqqwq.pdb" /TLBID:1 /DYNAMICBASE /NXCOMPAT /IMPLIB:"D:\作业\wqqwq\Debug\wqqwq.lib" /MACHINE:X86 Debug\q.obj
         wqqwq.vcxproj -> D:\作业\wqqwq\Debug\wqqwq.exe
       Manifest:
         C:\Program Files (x86)\Microsoft SDKs\Windows\v7.0A\bin\mt.exe /nologo /verbose /outputresource:"D:\作业\wqqwq\Debug\wqqwq.exe;#1" /manifest Debug\wqqwq.exe.intermediate.manifest
       FinalizeBuildStatus:
         正在删除文件“Debug\wqqwq.unsuccessfulbuild”。
         正在对“Debug\wqqwq.lastbuildstate”执行 Touch 任务。
     1>已完成生成项目“D:\作业\wqqwq\wqqwq\wqqwq.vcxproj”(build 个目标)的操作。

生成成功。

已用时间 00:00:11.81
